<?xml version="1.0" encoding="UTF-8"?>
<testng-results skipped="0" failed="0" ignored="0" total="1" passed="1">
  <reporter-output>
  </reporter-output>
  <suite name="Suite" duration-ms="325" started-at="2019-06-27T17:03:44Z" finished-at="2019-06-27T17:03:45Z">
    <groups>
    </groups>
    <test name="Test" duration-ms="325" started-at="2019-06-27T17:03:44Z" finished-at="2019-06-27T17:03:45Z">
      <class name="firstLevel.mathsExamplesTest">
        <test-method status="PASS" signature="whatyouwillgive()[pri:0, instance:firstLevel.mathsExamplesTest@7c16905e]" name="whatyouwillgive" duration-ms="77" started-at="2019-06-27T17:03:44Z" finished-at="2019-06-27T17:03:45Z">
          <reporter-output>
          </reporter-output>
        </test-method> <!-- whatyouwillgive -->
      </class> <!-- firstLevel.mathsExamplesTest -->
    </test> <!-- Test -->
  </suite> <!-- Suite -->
</testng-results>
